<?xml version="1.0" encoding="UTF-8"?>
<!-- Generated by org.testng.reporters.JUnitXMLReporter -->
<testsuite ignored="0" hostname="LAPTOP-115D7HF3" failures="0" tests="5" name="Functional Testing - Chrome" time="64.218" errors="0" timestamp="2022-02-28T01:19:03 IST">
  <testcase classname="com.qa.testscripts.TC_Amazon_001" name="searchItem" time="5.258"/>
  <testcase classname="com.qa.testscripts.TC_Amazon_001" name="searchItem" time="5.433"/>
  <testcase classname="com.qa.testscripts.TC_Amazon_001" name="searchItem" time="4.335"/>
  <testcase classname="com.qa.testscripts.TC_Amazon_001" name="searchItem" time="4.424"/>
  <testcase classname="com.qa.testscripts.TC_Amazon_001" name="searchItem" time="3.641"/>
</testsuite> <!-- Functional Testing - Chrome -->
