<?xml version="1.0" encoding="UTF-8"?>
<!-- Generated by org.testng.reporters.JUnitXMLReporter -->
<testsuite ignored="0" hostname="LAPTOP-115D7HF3" failures="0" tests="5" name="Functional Testing - edge" time="83.24" errors="0" timestamp="2022-02-28T00:31:53 IST">
  <testcase classname="com.qa.testscripts.TC_Amazon_001" name="searchItem" time="5.1"/>
  <testcase classname="com.qa.testscripts.TC_Amazon_001" name="searchItem" time="5.061"/>
  <testcase classname="com.qa.testscripts.TC_Amazon_001" name="searchItem" time="6.257"/>
  <testcase classname="com.qa.testscripts.TC_Amazon_001" name="searchItem" time="4.66"/>
  <testcase classname="com.qa.testscripts.TC_Amazon_001" name="searchItem" time="4.468"/>
</testsuite> <!-- Functional Testing - edge -->
