<?xml version="1.0" encoding="UTF-8"?>
<!-- Generated by org.testng.reporters.JUnitXMLReporter -->
<testsuite ignored="4" hostname="LAPTOP-115D7HF3" failures="0" tests="5" name="Test" time="0.118" errors="0" timestamp="2022-02-13T00:06:39 IST">
  <testcase classname="com.qa.testngDemo.TC_001" name="fundTransfer" time="0.01"/>
  <testcase classname="com.qa.testngDemo.TC_002" name="UtilityBill" time="0.002"/>
  <testcase classname="com.qa.testngDemo.TC_003" name="CreditBill" time="0.001"/>
  <testcase classname="com.qa.testngDemo.TC_003" name="CurrentBill" time="0.002"/>
  <testcase classname="com.qa.testngDemo.TC_003" name="deditBill" time="0.003"/>
  <testcase classname="com.qa.testngDemo.TestBase" name="@BeforeTest invokeBrowser" time="0.0">
    <ignored/>
  </testcase> <!-- @BeforeTest invokeBrowser -->
  <testcase classname="com.qa.testngDemo.TestBase" name="@BeforeTest invokeBrowser" time="0.0">
    <ignored/>
  </testcase> <!-- @BeforeTest invokeBrowser -->
  <testcase classname="com.qa.testngDemo.TestBase" name="@AfterTest closeBrowser" time="0.0">
    <ignored/>
  </testcase> <!-- @AfterTest closeBrowser -->
  <testcase classname="com.qa.testngDemo.TestBase" name="@AfterTest closeBrowser" time="0.0">
    <ignored/>
  </testcase> <!-- @AfterTest closeBrowser -->
</testsuite> <!-- Test -->
